e:\kod\уник\projectseptember2024\c++\projectforuniversity\projectf.c1444eea\x64\debug\vc143.pdb
e:\kod\уник\projectseptember2024\c++\projectforuniversity\projectf.c1444eea\x64\debug\task1.obj
e:\kod\уник\projectseptember2024\c++\projectforuniversity\projectf.c1444eea\x64\debug\lab3.obj
e:\kod\уник\projectseptember2024\c++\projectforuniversity\projectf.c1444eea\x64\debug\lab2.obj
e:\kod\уник\projectseptember2024\c++\projectforuniversity\projectf.c1444eea\x64\debug\lab1.obj
e:\kod\уник\projectseptember2024\c++\projectforuniversity\projectf.c1444eea\x64\debug\.netframework,version=v4.7.2.assemblyattributes.obj
e:\kod\уник\projectseptember2024\c++\projectforuniversity\projectf.c1444eea\x64\debug\menupage.obj
e:\kod\уник\projectseptember2024\c++\projectforuniversity\projectf.c1444eea\x64\debug\mainpageh.obj
e:\kod\уник\projectseptember2024\c++\projectforuniversity\x64\debug\projectforuniversity.exe
e:\kod\уник\projectseptember2024\c++\projectforuniversity\x64\debug\projectforuniversity.pdb
e:\kod\уник\projectseptember2024\c++\projectforuniversity\projectf.c1444eea\x64\debug\projectf.c1444eea.tlog\cl.command.1.tlog
e:\kod\уник\projectseptember2024\c++\projectforuniversity\projectf.c1444eea\x64\debug\projectf.c1444eea.tlog\cl.items.tlog
e:\kod\уник\projectseptember2024\c++\projectforuniversity\projectf.c1444eea\x64\debug\projectf.c1444eea.tlog\cl.read.1.tlog
e:\kod\уник\projectseptember2024\c++\projectforuniversity\projectf.c1444eea\x64\debug\projectf.c1444eea.tlog\cl.write.1.tlog
e:\kod\уник\projectseptember2024\c++\projectforuniversity\projectf.c1444eea\x64\debug\projectf.c1444eea.tlog\link.command.1.tlog
e:\kod\уник\projectseptember2024\c++\projectforuniversity\projectf.c1444eea\x64\debug\projectf.c1444eea.tlog\link.read.1.tlog
e:\kod\уник\projectseptember2024\c++\projectforuniversity\projectf.c1444eea\x64\debug\projectf.c1444eea.tlog\link.secondary.1.tlog
e:\kod\уник\projectseptember2024\c++\projectforuniversity\projectf.c1444eea\x64\debug\projectf.c1444eea.tlog\link.write.1.tlog
e:\kod\уник\projectseptember2024\c++\projectforuniversity\projectf.c1444eea\x64\debug\projectf.c1444eea.tlog\metagen.read.1.tlog
e:\kod\уник\projectseptember2024\c++\projectforuniversity\projectf.c1444eea\x64\debug\projectf.c1444eea.tlog\metagen.write.1.tlog
e:\kod\уник\projectseptember2024\c++\projectforuniversity\projectf.c1444eea\x64\debug\projectf.c1444eea.tlog\resgen.command.1.tlog
e:\kod\уник\projectseptember2024\c++\projectforuniversity\projectf.c1444eea\x64\debug\projectf.c1444eea.tlog\resgen.read.1.tlog
e:\kod\уник\projectseptember2024\c++\projectforuniversity\projectf.c1444eea\x64\debug\projectf.c1444eea.tlog\resgen.write.1.tlog
