e:\kod\уник\projectseptember2024\c++\mylibrary1\x64\debug\vc143.pdb
e:\kod\уник\projectseptember2024\c++\mylibrary1\x64\debug\.netframework,version=v4.7.2.assemblyattributes.obj
e:\kod\уник\projectseptember2024\c++\mylibrary1\x64\debug\mylibrary1.pch
e:\kod\уник\projectseptember2024\c++\mylibrary1\x64\debug\pch.obj
e:\kod\уник\projectseptember2024\c++\mylibrary1\x64\debug\mylibrary1.obj
e:\kod\уник\projectseptember2024\c++\mylibrary1\x64\debug\assemblyinfo.obj
e:\kod\уник\projectseptember2024\c++\projectforuniversity\x64\debug\mylibrary1.dll
e:\kod\уник\projectseptember2024\c++\projectforuniversity\x64\debug\mylibrary1.pdb
e:\kod\уник\projectseptember2024\c++\mylibrary1\x64\debug\app.res
e:\kod\уник\projectseptember2024\c++\mylibrary1\x64\debug\mylibrary1.tlog\cl.command.1.tlog
e:\kod\уник\projectseptember2024\c++\mylibrary1\x64\debug\mylibrary1.tlog\cl.items.tlog
e:\kod\уник\projectseptember2024\c++\mylibrary1\x64\debug\mylibrary1.tlog\cl.read.1.tlog
e:\kod\уник\projectseptember2024\c++\mylibrary1\x64\debug\mylibrary1.tlog\cl.write.1.tlog
e:\kod\уник\projectseptember2024\c++\mylibrary1\x64\debug\mylibrary1.tlog\link.command.1.tlog
e:\kod\уник\projectseptember2024\c++\mylibrary1\x64\debug\mylibrary1.tlog\link.read.1.tlog
e:\kod\уник\projectseptember2024\c++\mylibrary1\x64\debug\mylibrary1.tlog\link.secondary.1.tlog
e:\kod\уник\projectseptember2024\c++\mylibrary1\x64\debug\mylibrary1.tlog\link.write.1.tlog
e:\kod\уник\projectseptember2024\c++\mylibrary1\x64\debug\mylibrary1.tlog\metagen.read.1.tlog
e:\kod\уник\projectseptember2024\c++\mylibrary1\x64\debug\mylibrary1.tlog\metagen.write.1.tlog
e:\kod\уник\projectseptember2024\c++\mylibrary1\x64\debug\mylibrary1.tlog\rc.command.1.tlog
e:\kod\уник\projectseptember2024\c++\mylibrary1\x64\debug\mylibrary1.tlog\rc.read.1.tlog
e:\kod\уник\projectseptember2024\c++\mylibrary1\x64\debug\mylibrary1.tlog\rc.write.1.tlog
