e:\kod\уник\projectseptember2024\c++\mylibrary1\mylibrary1\x64\debug\mylibrary1.pch
e:\kod\уник\projectseptember2024\c++\mylibrary1\mylibrary1\x64\debug\vc143.pdb
e:\kod\уник\projectseptember2024\c++\mylibrary1\mylibrary1\x64\debug\vc143.idb
e:\kod\уник\projectseptember2024\c++\mylibrary1\mylibrary1\x64\debug\pch.obj
e:\kod\уник\projectseptember2024\c++\mylibrary1\mylibrary1\x64\debug\dllmain.obj
e:\kod\уник\projectseptember2024\c++\mylibrary1\x64\debug\mylibrary1.dll
e:\kod\уник\projectseptember2024\c++\mylibrary1\x64\debug\mylibrary1.pdb
e:\kod\уник\projectseptember2024\c++\mylibrary1\x64\debug\mylibrary1.lib
e:\kod\уник\projectseptember2024\c++\mylibrary1\x64\debug\mylibrary1.exp
e:\kod\уник\projectseptember2024\c++\mylibrary1\mylibrary1\x64\debug\mylibrary1.ilk
e:\kod\уник\projectseptember2024\c++\septemberproject2024\x64\debug\mylibrary1.pdb
e:\kod\уник\projectseptember2024\c++\septemberproject2024\x64\debug\mylibrary1.dll
e:\kod\уник\projectseptember2024\c++\mylibrary1\mylibrary1\x64\debug\mylibrary1.tlog\cl.command.1.tlog
e:\kod\уник\projectseptember2024\c++\mylibrary1\mylibrary1\x64\debug\mylibrary1.tlog\cl.items.tlog
e:\kod\уник\projectseptember2024\c++\mylibrary1\mylibrary1\x64\debug\mylibrary1.tlog\cl.read.1.tlog
e:\kod\уник\projectseptember2024\c++\mylibrary1\mylibrary1\x64\debug\mylibrary1.tlog\cl.write.1.tlog
e:\kod\уник\projectseptember2024\c++\mylibrary1\mylibrary1\x64\debug\mylibrary1.tlog\link.command.1.tlog
e:\kod\уник\projectseptember2024\c++\mylibrary1\mylibrary1\x64\debug\mylibrary1.tlog\link.read.1.tlog
e:\kod\уник\projectseptember2024\c++\mylibrary1\mylibrary1\x64\debug\mylibrary1.tlog\link.secondary.1.tlog
e:\kod\уник\projectseptember2024\c++\mylibrary1\mylibrary1\x64\debug\mylibrary1.tlog\link.write.1.tlog
